2024-10-25 13:18:54,964 INFO org.springframework.boot.StartupInfoLogger [main] Starting TripsServiceTest using Java 11.0.9 on LAPTOP-8TS8S72G with PID 1392 (started by 38164 in C:\Users\38164\eclipse-workspace\alto_ski_back_office\cockpit-server)
2024-10-25 13:18:54,981 INFO org.springframework.boot.SpringApplication [main] No active profile set, falling back to 1 default profile: "default"
2024-10-25 13:18:57,412 INFO org.springframework.data.repository.config.RepositoryConfigurationDelegate [main] Bootstrapping Spring Data JPA repositories in DEFAULT mode.
2024-10-25 13:18:57,624 INFO org.springframework.data.repository.config.RepositoryConfigurationDelegate [main] Finished Spring Data repository scanning in 187 ms. Found 8 JPA repository interfaces.
2024-10-25 13:18:59,373 INFO com.zaxxer.hikari.HikariDataSource [main] HikariPool-1 - Starting...
2024-10-25 13:19:04,385 INFO com.zaxxer.hikari.HikariDataSource [main] HikariPool-1 - Start completed.
2024-10-25 13:19:04,667 INFO org.hibernate.jpa.internal.util.LogHelper [main] HHH000204: Processing PersistenceUnitInfo [name: default]
2024-10-25 13:19:04,856 INFO org.hibernate.Version [main] HHH000412: Hibernate ORM core version 5.6.9.Final
2024-10-25 13:19:05,679 INFO org.hibernate.annotations.common.reflection.java.JavaReflectionManager [main] HCANN000001: Hibernate Commons Annotations {5.1.2.Final}
2024-10-25 13:19:06,455 INFO org.hibernate.dialect.Dialect [main] HHH000400: Using dialect: org.hibernate.dialect.PostgreSQLDialect
2024-10-25 13:19:07,844 INFO org.hibernate.engine.transaction.jta.platform.internal.JtaPlatformInitiator [main] HHH000490: Using JtaPlatform implementation: [org.hibernate.engine.transaction.jta.platform.internal.NoJtaPlatform]
2024-10-25 13:19:07,857 INFO org.springframework.orm.jpa.AbstractEntityManagerFactoryBean [main] Initialized JPA EntityManagerFactory for persistence unit 'default'
2024-10-25 13:19:10,918 WARN org.springframework.boot.autoconfigure.orm.jpa.JpaBaseConfiguration$JpaWebConfiguration [main] spring.jpa.open-in-view is enabled by default. Therefore, database queries may be performed during view rendering. Explicitly configure spring.jpa.open-in-view to disable this warning
2024-10-25 13:19:12,705 INFO org.springframework.boot.StartupInfoLogger [main] Started TripsServiceTest in 19.16 seconds (JVM running for 23.164)
2024-10-25 13:19:13,033 INFO ski.alto.cockpit.server.repository.SkiclubTripsDAO [main] getSkiclubTripsForMonth
2024-10-25 13:19:13,405 INFO ski.alto.cockpit.server.repository.SkiclubTripsDAO [main] getSkiclubTripsForMonth
2024-10-25 13:19:13,750 INFO org.springframework.orm.jpa.AbstractEntityManagerFactoryBean [SpringApplicationShutdownHook] Closing JPA EntityManagerFactory for persistence unit 'default'
2024-10-25 13:19:13,760 INFO com.zaxxer.hikari.HikariDataSource [SpringApplicationShutdownHook] HikariPool-1 - Shutdown initiated...
2024-10-25 13:19:15,288 INFO com.zaxxer.hikari.HikariDataSource [SpringApplicationShutdownHook] HikariPool-1 - Shutdown completed.
2024-10-25 13:26:34,216 INFO org.springframework.boot.StartupInfoLogger [main] Starting TripsServiceTest using Java 11.0.9 on LAPTOP-8TS8S72G with PID 22028 (started by 38164 in C:\Users\38164\eclipse-workspace\alto_ski_back_office\cockpit-server)
2024-10-25 13:26:34,219 INFO org.springframework.boot.SpringApplication [main] No active profile set, falling back to 1 default profile: "default"
2024-10-25 13:26:35,025 INFO org.springframework.data.repository.config.RepositoryConfigurationDelegate [main] Bootstrapping Spring Data JPA repositories in DEFAULT mode.
2024-10-25 13:26:35,142 INFO org.springframework.data.repository.config.RepositoryConfigurationDelegate [main] Finished Spring Data repository scanning in 105 ms. Found 8 JPA repository interfaces.
2024-10-25 13:26:35,769 INFO com.zaxxer.hikari.HikariDataSource [main] HikariPool-1 - Starting...
2024-10-25 13:26:37,367 INFO com.zaxxer.hikari.HikariDataSource [main] HikariPool-1 - Start completed.
2024-10-25 13:26:37,440 INFO org.hibernate.jpa.internal.util.LogHelper [main] HHH000204: Processing PersistenceUnitInfo [name: default]
2024-10-25 13:26:37,493 INFO org.hibernate.Version [main] HHH000412: Hibernate ORM core version 5.6.9.Final
2024-10-25 13:26:37,669 INFO org.hibernate.annotations.common.reflection.java.JavaReflectionManager [main] HCANN000001: Hibernate Commons Annotations {5.1.2.Final}
2024-10-25 13:26:37,814 INFO org.hibernate.dialect.Dialect [main] HHH000400: Using dialect: org.hibernate.dialect.PostgreSQLDialect
2024-10-25 13:26:38,704 INFO org.hibernate.engine.transaction.jta.platform.internal.JtaPlatformInitiator [main] HHH000490: Using JtaPlatform implementation: [org.hibernate.engine.transaction.jta.platform.internal.NoJtaPlatform]
2024-10-25 13:26:38,715 INFO org.springframework.orm.jpa.AbstractEntityManagerFactoryBean [main] Initialized JPA EntityManagerFactory for persistence unit 'default'
2024-10-25 13:26:40,658 WARN org.springframework.boot.autoconfigure.orm.jpa.JpaBaseConfiguration$JpaWebConfiguration [main] spring.jpa.open-in-view is enabled by default. Therefore, database queries may be performed during view rendering. Explicitly configure spring.jpa.open-in-view to disable this warning
2024-10-25 13:26:41,564 INFO org.springframework.boot.StartupInfoLogger [main] Started TripsServiceTest in 7.824 seconds (JVM running for 8.906)
2024-10-25 13:26:41,751 INFO ski.alto.cockpit.server.repository.SkiclubTripsDAO [main] getSkiclubTripsForMonth
2024-10-25 13:26:42,072 INFO ski.alto.cockpit.server.repository.SkiclubTripsDAO [main] getSkiclubTripsForMonth
2024-10-25 13:26:42,232 INFO org.springframework.orm.jpa.AbstractEntityManagerFactoryBean [SpringApplicationShutdownHook] Closing JPA EntityManagerFactory for persistence unit 'default'
2024-10-25 13:26:42,237 INFO com.zaxxer.hikari.HikariDataSource [SpringApplicationShutdownHook] HikariPool-1 - Shutdown initiated...
2024-10-25 13:26:42,945 INFO com.zaxxer.hikari.HikariDataSource [SpringApplicationShutdownHook] HikariPool-1 - Shutdown completed.
