2024-10-22 23:30:22,829 INFO org.springframework.boot.StartupInfoLogger [main] Starting TripsServiceTest using Java 11.0.9 on LAPTOP-8TS8S72G with PID 12428 (started by 38164 in C:\Users\38164\eclipse-workspace\alto_ski_back_office\cockpit-server)
2024-10-22 23:30:22,835 INFO org.springframework.boot.SpringApplication [main] No active profile set, falling back to 1 default profile: "default"
2024-10-22 23:30:23,906 INFO org.springframework.data.repository.config.RepositoryConfigurationDelegate [main] Bootstrapping Spring Data JPA repositories in DEFAULT mode.
2024-10-22 23:30:24,045 INFO org.springframework.data.repository.config.RepositoryConfigurationDelegate [main] Finished Spring Data repository scanning in 127 ms. Found 8 JPA repository interfaces.
2024-10-22 23:30:24,846 INFO com.zaxxer.hikari.HikariDataSource [main] HikariPool-1 - Starting...
2024-10-22 23:30:26,692 INFO com.zaxxer.hikari.HikariDataSource [main] HikariPool-1 - Start completed.
2024-10-22 23:30:26,781 INFO org.hibernate.jpa.internal.util.LogHelper [main] HHH000204: Processing PersistenceUnitInfo [name: default]
2024-10-22 23:30:26,871 INFO org.hibernate.Version [main] HHH000412: Hibernate ORM core version 5.6.9.Final
2024-10-22 23:30:27,173 INFO org.hibernate.annotations.common.reflection.java.JavaReflectionManager [main] HCANN000001: Hibernate Commons Annotations {5.1.2.Final}
2024-10-22 23:30:27,448 INFO org.hibernate.dialect.Dialect [main] HHH000400: Using dialect: org.hibernate.dialect.PostgreSQLDialect
2024-10-22 23:30:28,336 INFO org.hibernate.engine.transaction.jta.platform.internal.JtaPlatformInitiator [main] HHH000490: Using JtaPlatform implementation: [org.hibernate.engine.transaction.jta.platform.internal.NoJtaPlatform]
2024-10-22 23:30:28,348 INFO org.springframework.orm.jpa.AbstractEntityManagerFactoryBean [main] Initialized JPA EntityManagerFactory for persistence unit 'default'
2024-10-22 23:30:30,318 WARN org.springframework.boot.autoconfigure.orm.jpa.JpaBaseConfiguration$JpaWebConfiguration [main] spring.jpa.open-in-view is enabled by default. Therefore, database queries may be performed during view rendering. Explicitly configure spring.jpa.open-in-view to disable this warning
2024-10-22 23:30:31,229 INFO org.springframework.boot.StartupInfoLogger [main] Started TripsServiceTest in 9.049 seconds (JVM running for 10.856)
2024-10-22 23:30:31,457 INFO ski.alto.cockpit.server.repository.SkiclubTripsDAO [main] getSkiclubTripsForMonth
2024-10-22 23:30:31,620 INFO ski.alto.cockpit.server.repository.SkiclubTripsDAO [main] getSkiclubTripsForMonth
2024-10-22 23:30:31,798 INFO org.springframework.orm.jpa.AbstractEntityManagerFactoryBean [SpringApplicationShutdownHook] Closing JPA EntityManagerFactory for persistence unit 'default'
2024-10-22 23:30:31,803 INFO com.zaxxer.hikari.HikariDataSource [SpringApplicationShutdownHook] HikariPool-1 - Shutdown initiated...
2024-10-22 23:30:32,377 INFO com.zaxxer.hikari.HikariDataSource [SpringApplicationShutdownHook] HikariPool-1 - Shutdown completed.
2024-10-22 23:31:20,749 INFO org.springframework.boot.StartupInfoLogger [main] Starting TripsServiceTest using Java 11.0.9 on LAPTOP-8TS8S72G with PID 12988 (started by 38164 in C:\Users\38164\eclipse-workspace\alto_ski_back_office\cockpit-server)
2024-10-22 23:31:20,751 INFO org.springframework.boot.SpringApplication [main] No active profile set, falling back to 1 default profile: "default"
2024-10-22 23:31:21,733 INFO org.springframework.data.repository.config.RepositoryConfigurationDelegate [main] Bootstrapping Spring Data JPA repositories in DEFAULT mode.
2024-10-22 23:31:21,864 INFO org.springframework.data.repository.config.RepositoryConfigurationDelegate [main] Finished Spring Data repository scanning in 119 ms. Found 8 JPA repository interfaces.
2024-10-22 23:31:22,557 INFO com.zaxxer.hikari.HikariDataSource [main] HikariPool-1 - Starting...
2024-10-22 23:31:24,887 INFO com.zaxxer.hikari.HikariDataSource [main] HikariPool-1 - Start completed.
2024-10-22 23:31:24,984 INFO org.hibernate.jpa.internal.util.LogHelper [main] HHH000204: Processing PersistenceUnitInfo [name: default]
2024-10-22 23:31:25,084 INFO org.hibernate.Version [main] HHH000412: Hibernate ORM core version 5.6.9.Final
2024-10-22 23:31:25,322 INFO org.hibernate.annotations.common.reflection.java.JavaReflectionManager [main] HCANN000001: Hibernate Commons Annotations {5.1.2.Final}
2024-10-22 23:31:25,565 INFO org.hibernate.dialect.Dialect [main] HHH000400: Using dialect: org.hibernate.dialect.PostgreSQLDialect
2024-10-22 23:31:26,440 INFO org.hibernate.engine.transaction.jta.platform.internal.JtaPlatformInitiator [main] HHH000490: Using JtaPlatform implementation: [org.hibernate.engine.transaction.jta.platform.internal.NoJtaPlatform]
2024-10-22 23:31:26,450 INFO org.springframework.orm.jpa.AbstractEntityManagerFactoryBean [main] Initialized JPA EntityManagerFactory for persistence unit 'default'
2024-10-22 23:31:28,156 WARN org.springframework.boot.autoconfigure.orm.jpa.JpaBaseConfiguration$JpaWebConfiguration [main] spring.jpa.open-in-view is enabled by default. Therefore, database queries may be performed during view rendering. Explicitly configure spring.jpa.open-in-view to disable this warning
2024-10-22 23:31:29,021 INFO org.springframework.boot.StartupInfoLogger [main] Started TripsServiceTest in 8.746 seconds (JVM running for 9.985)
2024-10-22 23:31:29,205 INFO ski.alto.cockpit.server.repository.SkiclubTripsDAO [main] getSkiclubTripsForMonth
2024-10-22 23:31:29,376 INFO ski.alto.cockpit.server.repository.SkiclubTripsDAO [main] getSkiclubTripsForMonth
2024-10-22 23:31:29,559 INFO org.springframework.orm.jpa.AbstractEntityManagerFactoryBean [SpringApplicationShutdownHook] Closing JPA EntityManagerFactory for persistence unit 'default'
2024-10-22 23:31:29,565 INFO com.zaxxer.hikari.HikariDataSource [SpringApplicationShutdownHook] HikariPool-1 - Shutdown initiated...
2024-10-22 23:31:30,120 INFO com.zaxxer.hikari.HikariDataSource [SpringApplicationShutdownHook] HikariPool-1 - Shutdown completed.
2024-10-22 23:46:43,396 INFO org.springframework.boot.StartupInfoLogger [main] Starting TripsServiceTest using Java 11.0.9 on LAPTOP-8TS8S72G with PID 10652 (started by 38164 in C:\Users\38164\eclipse-workspace\alto_ski_back_office\cockpit-server)
2024-10-22 23:46:43,398 INFO org.springframework.boot.SpringApplication [main] No active profile set, falling back to 1 default profile: "default"
2024-10-22 23:46:44,298 INFO org.springframework.data.repository.config.RepositoryConfigurationDelegate [main] Bootstrapping Spring Data JPA repositories in DEFAULT mode.
2024-10-22 23:46:44,425 INFO org.springframework.data.repository.config.RepositoryConfigurationDelegate [main] Finished Spring Data repository scanning in 116 ms. Found 8 JPA repository interfaces.
2024-10-22 23:46:45,117 INFO com.zaxxer.hikari.HikariDataSource [main] HikariPool-1 - Starting...
2024-10-22 23:46:46,530 INFO com.zaxxer.hikari.HikariDataSource [main] HikariPool-1 - Start completed.
2024-10-22 23:46:46,606 INFO org.hibernate.jpa.internal.util.LogHelper [main] HHH000204: Processing PersistenceUnitInfo [name: default]
2024-10-22 23:46:46,674 INFO org.hibernate.Version [main] HHH000412: Hibernate ORM core version 5.6.9.Final
2024-10-22 23:46:46,890 INFO org.hibernate.annotations.common.reflection.java.JavaReflectionManager [main] HCANN000001: Hibernate Commons Annotations {5.1.2.Final}
2024-10-22 23:46:47,051 INFO org.hibernate.dialect.Dialect [main] HHH000400: Using dialect: org.hibernate.dialect.PostgreSQLDialect
2024-10-22 23:46:47,796 INFO org.hibernate.engine.transaction.jta.platform.internal.JtaPlatformInitiator [main] HHH000490: Using JtaPlatform implementation: [org.hibernate.engine.transaction.jta.platform.internal.NoJtaPlatform]
2024-10-22 23:46:47,807 INFO org.springframework.orm.jpa.AbstractEntityManagerFactoryBean [main] Initialized JPA EntityManagerFactory for persistence unit 'default'
2024-10-22 23:46:49,511 WARN org.springframework.boot.autoconfigure.orm.jpa.JpaBaseConfiguration$JpaWebConfiguration [main] spring.jpa.open-in-view is enabled by default. Therefore, database queries may be performed during view rendering. Explicitly configure spring.jpa.open-in-view to disable this warning
2024-10-22 23:46:50,306 INFO org.springframework.boot.StartupInfoLogger [main] Started TripsServiceTest in 7.39 seconds (JVM running for 8.631)
2024-10-22 23:46:50,473 INFO ski.alto.cockpit.server.repository.SkiclubTripsDAO [main] getSkiclubTripsForMonth
2024-10-22 23:46:50,625 INFO ski.alto.cockpit.server.repository.SkiclubTripsDAO [main] getSkiclubTripsForMonth
2024-10-22 23:46:50,702 INFO org.springframework.orm.jpa.AbstractEntityManagerFactoryBean [SpringApplicationShutdownHook] Closing JPA EntityManagerFactory for persistence unit 'default'
2024-10-22 23:46:50,709 INFO com.zaxxer.hikari.HikariDataSource [SpringApplicationShutdownHook] HikariPool-1 - Shutdown initiated...
2024-10-22 23:46:51,243 INFO com.zaxxer.hikari.HikariDataSource [SpringApplicationShutdownHook] HikariPool-1 - Shutdown completed.
2024-10-22 23:48:50,387 INFO org.springframework.boot.StartupInfoLogger [main] Starting TripsServiceTest using Java 11.0.9 on LAPTOP-8TS8S72G with PID 24048 (started by 38164 in C:\Users\38164\eclipse-workspace\alto_ski_back_office\cockpit-server)
2024-10-22 23:48:50,389 INFO org.springframework.boot.SpringApplication [main] No active profile set, falling back to 1 default profile: "default"
2024-10-22 23:48:51,354 INFO org.springframework.data.repository.config.RepositoryConfigurationDelegate [main] Bootstrapping Spring Data JPA repositories in DEFAULT mode.
2024-10-22 23:48:51,495 INFO org.springframework.data.repository.config.RepositoryConfigurationDelegate [main] Finished Spring Data repository scanning in 130 ms. Found 8 JPA repository interfaces.
2024-10-22 23:48:52,183 INFO com.zaxxer.hikari.HikariDataSource [main] HikariPool-1 - Starting...
2024-10-22 23:48:53,577 INFO com.zaxxer.hikari.HikariDataSource [main] HikariPool-1 - Start completed.
2024-10-22 23:48:53,652 INFO org.hibernate.jpa.internal.util.LogHelper [main] HHH000204: Processing PersistenceUnitInfo [name: default]
2024-10-22 23:48:53,705 INFO org.hibernate.Version [main] HHH000412: Hibernate ORM core version 5.6.9.Final
2024-10-22 23:48:53,920 INFO org.hibernate.annotations.common.reflection.java.JavaReflectionManager [main] HCANN000001: Hibernate Commons Annotations {5.1.2.Final}
2024-10-22 23:48:54,084 INFO org.hibernate.dialect.Dialect [main] HHH000400: Using dialect: org.hibernate.dialect.PostgreSQLDialect
2024-10-22 23:48:54,896 INFO org.hibernate.engine.transaction.jta.platform.internal.JtaPlatformInitiator [main] HHH000490: Using JtaPlatform implementation: [org.hibernate.engine.transaction.jta.platform.internal.NoJtaPlatform]
2024-10-22 23:48:54,908 INFO org.springframework.orm.jpa.AbstractEntityManagerFactoryBean [main] Initialized JPA EntityManagerFactory for persistence unit 'default'
2024-10-22 23:48:56,648 WARN org.springframework.boot.autoconfigure.orm.jpa.JpaBaseConfiguration$JpaWebConfiguration [main] spring.jpa.open-in-view is enabled by default. Therefore, database queries may be performed during view rendering. Explicitly configure spring.jpa.open-in-view to disable this warning
2024-10-22 23:48:57,483 INFO org.springframework.boot.StartupInfoLogger [main] Started TripsServiceTest in 7.572 seconds (JVM running for 8.81)
2024-10-22 23:48:57,701 INFO ski.alto.cockpit.server.repository.SkiclubTripsDAO [main] getSkiclubTripsForMonth
2024-10-22 23:48:57,859 INFO ski.alto.cockpit.server.repository.SkiclubTripsDAO [main] getSkiclubTripsForMonth
2024-10-22 23:48:57,928 INFO org.springframework.orm.jpa.AbstractEntityManagerFactoryBean [SpringApplicationShutdownHook] Closing JPA EntityManagerFactory for persistence unit 'default'
2024-10-22 23:48:57,933 INFO com.zaxxer.hikari.HikariDataSource [SpringApplicationShutdownHook] HikariPool-1 - Shutdown initiated...
2024-10-22 23:48:58,467 INFO com.zaxxer.hikari.HikariDataSource [SpringApplicationShutdownHook] HikariPool-1 - Shutdown completed.
